13:17:07.887 [AWT-EventQueue-0] DEBUG dataLayer.PoemFileDAL - PoemFileDAL instance created.
13:17:07.896 [AWT-EventQueue-0] DEBUG dataLayer.PoemFileDAL - PoemFileDAL instance created.
13:17:07.897 [AWT-EventQueue-0] DEBUG dataLayer.PoemFileDAL - PoemFileDAL instance created.
13:17:20.819 [AWT-EventQueue-0] INFO  dataLayer.BookDAL - Number of books retrieved: 1
11:21:58.922 [AWT-EventQueue-0] ERROR dataLayer.DatabaseConnection - Error establishing the database connection
com.mysql.cj.jdbc.exceptions.CommunicationsException: Communications link failure

The last packet sent successfully to the server was 0 milliseconds ago. The driver has not received any packets from the server.
	at com.mysql.cj.jdbc.exceptions.SQLError.createCommunicationsException(SQLError.java:175) ~[rsrc:mysql-connector-j-8.1.0.jar:8.1.0]
	at com.mysql.cj.jdbc.exceptions.SQLExceptionsMapping.translateException(SQLExceptionsMapping.java:64) ~[rsrc:mysql-connector-j-8.1.0.jar:8.1.0]
	at com.mysql.cj.jdbc.ConnectionImpl.createNewIO(ConnectionImpl.java:819) ~[rsrc:mysql-connector-j-8.1.0.jar:8.1.0]
	at com.mysql.cj.jdbc.ConnectionImpl.<init>(ConnectionImpl.java:440) ~[rsrc:mysql-connector-j-8.1.0.jar:8.1.0]
	at com.mysql.cj.jdbc.ConnectionImpl.getInstance(ConnectionImpl.java:239) ~[rsrc:mysql-connector-j-8.1.0.jar:8.1.0]
	at com.mysql.cj.jdbc.NonRegisteringDriver.connect(NonRegisteringDriver.java:188) ~[rsrc:mysql-connector-j-8.1.0.jar:8.1.0]
	at java.sql.DriverManager.getConnection(DriverManager.java:683) ~[java.sql:?]
	at java.sql.DriverManager.getConnection(DriverManager.java:230) ~[java.sql:?]
	at dataLayer.DatabaseConnection.<init>(DatabaseConnection.java:37) ~[rsrc:./:?]
	at dataLayer.DatabaseConnection.getInstance(DatabaseConnection.java:51) ~[rsrc:./:?]
	at dataLayer.RootDAL.<init>(RootDAL.java:25) ~[rsrc:./:?]
	at dataLayer.DALFacadeClass.<init>(DALFacadeClass.java:23) ~[rsrc:./:?]
	at businessLayer.PoemFileBLL.<init>(PoemFileBLL.java:23) ~[rsrc:./:?]
	at businessLayer.BLLFacade.<init>(BLLFacade.java:24) ~[rsrc:./:?]
	at presentationLayer.BookUI.<init>(BookUI.java:41) ~[rsrc:./:?]
	at Main.Main.lambda$1(Main.java:63) ~[rsrc:./:?]
	at javax.swing.AbstractButton.fireActionPerformed(AbstractButton.java:1972) ~[?:?]
	at javax.swing.AbstractButton$Handler.actionPerformed(AbstractButton.java:2314) ~[?:?]
	at javax.swing.DefaultButtonModel.fireActionPerformed(DefaultButtonModel.java:407) ~[?:?]
	at javax.swing.DefaultButtonModel.setPressed(DefaultButtonModel.java:262) ~[?:?]
	at javax.swing.plaf.basic.BasicButtonListener.mouseReleased(BasicButtonListener.java:279) ~[?:?]
	at java.awt.Component.processMouseEvent(Component.java:6621) ~[?:?]
	at javax.swing.JComponent.processMouseEvent(JComponent.java:3398) ~[?:?]
	at java.awt.Component.processEvent(Component.java:6386) ~[?:?]
	at java.awt.Container.processEvent(Container.java:2266) ~[?:?]
	at java.awt.Component.dispatchEventImpl(Component.java:4996) ~[?:?]
	at java.awt.Container.dispatchEventImpl(Container.java:2324) ~[?:?]
	at java.awt.Component.dispatchEvent(Component.java:4828) ~[?:?]
	at java.awt.LightweightDispatcher.retargetMouseEvent(Container.java:4948) ~[?:?]
	at java.awt.LightweightDispatcher.processMouseEvent(Container.java:4575) ~[?:?]
	at java.awt.LightweightDispatcher.dispatchEvent(Container.java:4516) ~[?:?]
	at java.awt.Container.dispatchEventImpl(Container.java:2310) ~[?:?]
	at java.awt.Window.dispatchEventImpl(Window.java:2780) ~[?:?]
	at java.awt.Component.dispatchEvent(Component.java:4828) ~[?:?]
	at java.awt.EventQueue.dispatchEventImpl(EventQueue.java:775) ~[?:?]
	at java.awt.EventQueue$4.run(EventQueue.java:720) ~[?:?]
	at java.awt.EventQueue$4.run(EventQueue.java:714) ~[?:?]
	at java.security.AccessController.doPrivileged(AccessController.java:400) [?:?]
	at java.security.ProtectionDomain$JavaSecurityAccessImpl.doIntersectionPrivilege(ProtectionDomain.java:87) ~[?:?]
	at java.security.ProtectionDomain$JavaSecurityAccessImpl.doIntersectionPrivilege(ProtectionDomain.java:98) ~[?:?]
	at java.awt.EventQueue$5.run(EventQueue.java:747) ~[?:?]
	at java.awt.EventQueue$5.run(EventQueue.java:745) ~[?:?]
	at java.security.AccessController.doPrivileged(AccessController.java:400) [?:?]
	at java.security.ProtectionDomain$JavaSecurityAccessImpl.doIntersectionPrivilege(ProtectionDomain.java:87) [?:?]
	at java.awt.EventQueue.dispatchEvent(EventQueue.java:744) [?:?]
	at java.awt.EventDispatchThread.pumpOneEventForFilters(EventDispatchThread.java:203) [?:?]
	at java.awt.EventDispatchThread.pumpEventsForFilter(EventDispatchThread.java:124) [?:?]
	at java.awt.EventDispatchThread.pumpEventsForHierarchy(EventDispatchThread.java:113) [?:?]
	at java.awt.EventDispatchThread.pumpEvents(EventDispatchThread.java:109) [?:?]
	at java.awt.EventDispatchThread.pumpEvents(EventDispatchThread.java:101) [?:?]
	at java.awt.EventDispatchThread.run(EventDispatchThread.java:90) [?:?]
Caused by: com.mysql.cj.exceptions.CJCommunicationsException: Communications link failure

The last packet sent successfully to the server was 0 milliseconds ago. The driver has not received any packets from the server.
	at jdk.internal.reflect.DirectConstructorHandleAccessor.newInstance(DirectConstructorHandleAccessor.java:62) ~[?:?]
	at java.lang.reflect.Constructor.newInstanceWithCaller(Constructor.java:502) ~[?:?]
	at java.lang.reflect.Constructor.newInstance(Constructor.java:486) ~[?:?]
	at com.mysql.cj.exceptions.ExceptionFactory.createException(ExceptionFactory.java:62) ~[rsrc:mysql-connector-j-8.1.0.jar:8.1.0]
	at com.mysql.cj.exceptions.ExceptionFactory.createException(ExceptionFactory.java:105) ~[rsrc:mysql-connector-j-8.1.0.jar:8.1.0]
	at com.mysql.cj.exceptions.ExceptionFactory.createException(ExceptionFactory.java:150) ~[rsrc:mysql-connector-j-8.1.0.jar:8.1.0]
	at com.mysql.cj.exceptions.ExceptionFactory.createCommunicationsException(ExceptionFactory.java:166) ~[rsrc:mysql-connector-j-8.1.0.jar:8.1.0]
	at com.mysql.cj.protocol.a.NativeSocketConnection.connect(NativeSocketConnection.java:89) ~[rsrc:mysql-connector-j-8.1.0.jar:8.1.0]
	at com.mysql.cj.NativeSession.connect(NativeSession.java:121) ~[rsrc:mysql-connector-j-8.1.0.jar:8.1.0]
	at com.mysql.cj.jdbc.ConnectionImpl.connectOneTryOnly(ConnectionImpl.java:939) ~[rsrc:mysql-connector-j-8.1.0.jar:8.1.0]
	at com.mysql.cj.jdbc.ConnectionImpl.createNewIO(ConnectionImpl.java:809) ~[rsrc:mysql-connector-j-8.1.0.jar:8.1.0]
	... 48 more
Caused by: java.net.ConnectException: Connection refused: connect
	at sun.nio.ch.Net.connect0(Native Method) ~[?:?]
	at sun.nio.ch.Net.connect(Net.java:589) ~[?:?]
	at sun.nio.ch.Net.connect(Net.java:578) ~[?:?]
	at sun.nio.ch.NioSocketImpl.connect(NioSocketImpl.java:583) ~[?:?]
	at java.net.SocksSocketImpl.connect(SocksSocketImpl.java:327) ~[?:?]
	at java.net.Socket.connect(Socket.java:751) ~[?:?]
	at com.mysql.cj.protocol.StandardSocketFactory.connect(StandardSocketFactory.java:153) ~[rsrc:mysql-connector-j-8.1.0.jar:8.1.0]
	at com.mysql.cj.protocol.a.NativeSocketConnection.connect(NativeSocketConnection.java:63) ~[rsrc:mysql-connector-j-8.1.0.jar:8.1.0]
	at com.mysql.cj.NativeSession.connect(NativeSession.java:121) ~[rsrc:mysql-connector-j-8.1.0.jar:8.1.0]
	at com.mysql.cj.jdbc.ConnectionImpl.connectOneTryOnly(ConnectionImpl.java:939) ~[rsrc:mysql-connector-j-8.1.0.jar:8.1.0]
	at com.mysql.cj.jdbc.ConnectionImpl.createNewIO(ConnectionImpl.java:809) ~[rsrc:mysql-connector-j-8.1.0.jar:8.1.0]
	... 48 more
11:21:58.955 [AWT-EventQueue-0] DEBUG dataLayer.PoemFileDAL - PoemFileDAL instance created.
11:21:58.958 [AWT-EventQueue-0] DEBUG dataLayer.PoemFileDAL - PoemFileDAL instance created.
11:21:58.959 [AWT-EventQueue-0] DEBUG dataLayer.PoemFileDAL - PoemFileDAL instance created.
11:22:41.145 [AWT-EventQueue-0] DEBUG dataLayer.PoemFileDAL - PoemFileDAL instance created.
11:22:41.152 [AWT-EventQueue-0] DEBUG dataLayer.PoemFileDAL - PoemFileDAL instance created.
11:22:41.153 [AWT-EventQueue-0] DEBUG dataLayer.PoemFileDAL - PoemFileDAL instance created.
11:22:46.295 [AWT-EventQueue-0] DEBUG dataLayer.PoemFileDAL - PoemFileDAL instance created.
11:22:46.295 [AWT-EventQueue-0] DEBUG dataLayer.PoemFileDAL - PoemFileDAL instance created.
11:22:46.295 [AWT-EventQueue-0] DEBUG dataLayer.PoemFileDAL - PoemFileDAL instance created.
12:11:49.986 [AWT-EventQueue-0] DEBUG dataLayer.PoemFileDAL - PoemFileDAL instance created.
12:11:49.987 [AWT-EventQueue-0] DEBUG dataLayer.PoemFileDAL - PoemFileDAL instance created.
12:11:49.988 [AWT-EventQueue-0] DEBUG dataLayer.PoemFileDAL - PoemFileDAL instance created.
12:11:59.335 [AWT-EventQueue-0] INFO  dataLayer.BookDAL - Number of books retrieved: 1
12:12:26.091 [AWT-EventQueue-0] INFO  dataLayer.BookDAL - Number of books retrieved: 1
12:12:26.927 [AWT-EventQueue-0] DEBUG dataLayer.PoemFileDAL - PoemFileDAL instance created.
12:12:26.927 [AWT-EventQueue-0] DEBUG dataLayer.PoemFileDAL - PoemFileDAL instance created.
12:12:26.928 [AWT-EventQueue-0] DEBUG dataLayer.PoemFileDAL - PoemFileDAL instance created.
12:12:33.569 [AWT-EventQueue-0] DEBUG dataLayer.PoemFileDAL - PoemFileDAL instance created.
12:12:33.570 [AWT-EventQueue-0] DEBUG dataLayer.PoemFileDAL - PoemFileDAL instance created.
12:12:33.570 [AWT-EventQueue-0] DEBUG dataLayer.PoemFileDAL - PoemFileDAL instance created.
